0 info it worked if it ends with ok
1 verbose cli [ 'node', '/usr/local/bin/npm', 'v' ]
2 info using npm@2.10.1
3 info using node@v0.12.4
4 silly mapToRegistry name bubblewrapped
5 silly mapToRegistry using default registry
6 silly mapToRegistry registry https://registry.npmjs.org/
7 silly mapToRegistry uri https://registry.npmjs.org/bubblewrapped
8 verbose request uri https://registry.npmjs.org/bubblewrapped
9 verbose request no auth needed
10 info attempt registry request try #1 at 8:19:01 PM
11 verbose request id 3f9ded60884b0036
12 http request GET https://registry.npmjs.org/bubblewrapped
13 http 404 https://registry.npmjs.org/bubblewrapped
14 verbose headers { 'content-type': 'application/json',
14 verbose headers   'cache-control': 'max-age=0',
14 verbose headers   'content-length': '2',
14 verbose headers   'accept-ranges': 'bytes',
14 verbose headers   date: 'Wed, 30 Mar 2016 09:19:06 GMT',
14 verbose headers   via: '1.1 varnish',
14 verbose headers   age: '0',
14 verbose headers   connection: 'keep-alive',
14 verbose headers   'x-served-by': 'cache-mel6520-MEL',
14 verbose headers   'x-cache': 'MISS',
14 verbose headers   'x-cache-hits': '0',
14 verbose headers   'x-timer': 'S1459329545.403668,VS0,VE932' }
15 silly get cb [ 404,
15 silly get   { 'content-type': 'application/json',
15 silly get     'cache-control': 'max-age=0',
15 silly get     'content-length': '2',
15 silly get     'accept-ranges': 'bytes',
15 silly get     date: 'Wed, 30 Mar 2016 09:19:06 GMT',
15 silly get     via: '1.1 varnish',
15 silly get     age: '0',
15 silly get     connection: 'keep-alive',
15 silly get     'x-served-by': 'cache-mel6520-MEL',
15 silly get     'x-cache': 'MISS',
15 silly get     'x-cache-hits': '0',
15 silly get     'x-timer': 'S1459329545.403668,VS0,VE932' } ]
16 verbose stack Error: Registry returned 404 for GET on https://registry.npmjs.org/bubblewrapped
16 verbose stack     at CachingRegistryClient.<anonymous> (/usr/local/lib/node_modules/npm/node_modules/npm-registry-client/lib/request.js:239:14)
16 verbose stack     at Request._callback (/usr/local/lib/node_modules/npm/node_modules/npm-registry-client/lib/request.js:170:14)
16 verbose stack     at Request.self.callback (/usr/local/lib/node_modules/npm/node_modules/request/request.js:368:22)
16 verbose stack     at Request.emit (events.js:110:17)
16 verbose stack     at Request.<anonymous> (/usr/local/lib/node_modules/npm/node_modules/request/request.js:1219:14)
16 verbose stack     at Request.emit (events.js:129:20)
16 verbose stack     at IncomingMessage.<anonymous> (/usr/local/lib/node_modules/npm/node_modules/request/request.js:1167:12)
16 verbose stack     at IncomingMessage.emit (events.js:129:20)
16 verbose stack     at _stream_readable.js:908:16
16 verbose stack     at process._tickCallback (node.js:355:11)
17 verbose statusCode 404
18 verbose pkgid bubblewrapped
19 verbose cwd /Users/daniel/Sites/bubblewrapped.github.io
20 error Darwin 15.3.0
21 error argv "node" "/usr/local/bin/npm" "v"
22 error node v0.12.4
23 error npm  v2.10.1
24 error code E404
25 error 404 Registry returned 404 for GET on https://registry.npmjs.org/bubblewrapped
25 error 404
25 error 404 'bubblewrapped' is not in the npm registry.
25 error 404 You should bug the author to publish it (or use the name yourself!)
25 error 404
25 error 404 Note that you can also install from a
25 error 404 tarball, folder, http url, or git url.
26 verbose exit [ 1, true ]
